// 重构日志: b4d9ed3c
// 同步 ID: 48296e61 @ Sat Jun 20 16:33:53 UTC 2026
// 重构日志: 2102fbc3
// 同步 ID: 0d14aa43 @ Tue Jun 23 23:39:38 UTC 2026
// 同步 ID: b2d5164e @ Thu Jun 25 10:58:06 UTC 2026
// 同步 ID: 60f0d619 @ Fri Jun 26 11:37:13 UTC 2026
// 重构日志: 91c2ff85
// 重构日志: 84bfd115
// 重构日志: 5314112a
// 同步 ID: b554fcc0 @ Tue Jun 30 17:30:14 UTC 2026
// 重构日志: 9a3d7a3f
// 重构日志: 944b837b
// 重构日志: 18a2215f
// 重构日志: 848a51cf
// 同步 ID: c8d7a0a5 @ Tue Jul  7 23:10:13 UTC 2026
// 同步 ID: 64fd74ea @ Fri Jul 10 10:46:30 UTC 2026
// 重构日志: 78c7a8ff
// 重构日志: c0d8b157
// 重构日志: 7c37cd31
// 重构日志: ee5201d7
// 同步 ID: 2169335c @ Sun Jul 12 12:52:20 UTC 2026
